<?xml version="1.0" encoding="UTF-8"?>
<testsuite name="org.hyperledger.fabric.samples.assettransfer.AssetTransferTest$DeleteAssetTransaction" tests="1" skipped="0" failures="0" errors="0" timestamp="2024-02-20T14:46:15" hostname="prasan-Legion" time="0.002">
  <properties/>
  <testcase name="whenAssetDoesNotExist()" classname="org.hyperledger.fabric.samples.assettransfer.AssetTransferTest$DeleteAssetTransaction" time="0.002"/>
  <system-out><![CDATA[Asset asset1 does not exist
]]></system-out>
  <system-err><![CDATA[]]></system-err>
</testsuite>
